{"numTotalTestSuites":2,"numPassedTestSuites":2,"numFailedTestSuites":0,"numPendingTestSuites":0,"numTotalTests":4,"numPassedTests":4,"numFailedTests":0,"numPendingTests":0,"numTodoTests":0,"snapshot":{"added":0,"failure":false,"filesAdded":0,"filesRemoved":0,"filesRemovedList":[],"filesUnmatched":0,"filesUpdated":0,"matched":0,"total":0,"unchecked":0,"uncheckedKeysByFile":[],"unmatched":0,"updated":0,"didUpdate":false},"startTime":1751648599013,"success":true,"testResults":[{"assertionResults":[{"ancestorTitles":["Home Component"],"fullName":"Home Component 初期表示でカウントが100になっていることを確認","status":"passed","title":"初期表示でカウントが100になっていることを確認","duration":24.894033000000036,"failureMessages":[],"meta":{}},{"ancestorTitles":["Home Component"],"fullName":"Home Component [+]ボタンをクリックするとカウントが増加することを確認","status":"passed","title":"[+]ボタンをクリックするとカウントが増加することを確認","duration":51.649494000000004,"failureMessages":[],"meta":{}},{"ancestorTitles":["Home Component"],"fullName":"Home Component [-]ボタンをクリックするとカウントが減少することを確認","status":"passed","title":"[-]ボタンをクリックするとカウントが減少することを確認","duration":9.36021699999992,"failureMessages":[],"meta":{}},{"ancestorTitles":["Home Component"],"fullName":"Home Component [RESET]ボタンをクリックするとカウントが0になることを確認","status":"passed","title":"[RESET]ボタンをクリックするとカウントが0になることを確認","duration":10.369727000000012,"failureMessages":[],"meta":{}}],"startTime":1751648600106,"endTime":1751648600202.3696,"status":"passed","message":"","name":"/Users/tomohiro/Documents/MyProject/program/react/code/my-vitest-program/src/app/pages/home/Home.test.tsx"}]}
